[www.diveinmedia.in/index.html]
[backblue.gif]
[fade.gif]
[index.html]
[cdn.prod.website-files.com/639f4a68882c7f596d68a421/css/diveinmedia.webflow.46628f70c.min.css]
[ajax.googleapis.com/ajax/libs/webfont/1.6.26/webfont.js]
[cdn.prod.website-files.com/639f4a68882c7f596d68a421/63beefc546e1504965b7f1dc_favicon.png]
[cdn.prod.website-files.com/639f4a68882c7f596d68a421/63beefc90b4e4ee8f4f97dba_webclip.png]
[cdn.prod.website-files.com/639f4a68882c7f596d68a421/639f4b3566f416beee10ae96_nav-logo.png]
[www.diveinmedia.in/about-us.html]
[www.diveinmedia.in/services.html]
[www.diveinmedia.in/blog]
[www.diveinmedia.in/contact.html]
[cdn.prod.website-files.com/639f4a68882c7f596d68a421/6416a478f4c83ff769fea468_hero-2.png]
[cdn.prod.website-files.com/639f4a68882c7f596d68a421/63b7a4e26824181f3cd2c54e_Baidyanath_logo.png]
[cdn.prod.website-files.com/639f4a68882c7f596d68a421/63b7a4e2af60ce3e3ce7f0a0_KUKU-FM.png]
[cdn.prod.website-files.com/639f4a68882c7f596d68a421/639f5cf43c2d5820ad88360c_sunova.png]
[cdn.prod.website-files.com/639f4a68882c7f596d68a421/639f5cf466f4160fd111e4c5_greencure.png]
[cdn.prod.website-files.com/639f4a68882c7f596d68a421/639f5cf466f4163dbb11e4c6_relevel.png]
[cdn.prod.website-files.com/639f4a68882c7f596d68a421/639f5cf4515851d499dc0f82_ekacare.png]
[cdn.prod.website-files.com/639f4a68882c7f596d68a421/63b79ff5476f22645eb25f21_gamezy-t.png]
[cdn.prod.website-files.com/639f4a68882c7f596d68a421/67e03dfd3b1fbd33107320c6_ift-02-o-poster-00001.jpg]
[cdn.prod.website-files.com/639f4a68882c7f596d68a421/671d23f28181dd03368ae97b_Advithi-poster-00001.jpg]
[cdn.prod.website-files.com/639f4a68882c7f596d68a421/67e0418c06a4f0bcad83bfef_IMG_2148-o-poster-00001.jpg]
[cdn.prod.website-files.com/639f4a68882c7f596d68a421/66fbd913864665c6468bfa5d_Jaspreet-poster-00001.jpg]
[cdn.prod.website-files.com/639f4a68882c7f596d68a421/670352164de697d7158f8c59_WhatsApp Video 2024-08-07 at 102900-poster-00001.jpg]
[cdn.prod.website-files.com/639f4a68882c7f596d68a421/66fbd06016fab140fb5adf64_Shreemayi Reddy-poster-00001.jpg]
[cdn.prod.website-files.com/639f4a68882c7f596d68a421/671deeb944e0637ed1d56ad2_AVIS HOSPITAL 4K DRAFT 2ND VIDEO-poster-00001.jpg]
[cdn.prod.website-files.com/639f4a68882c7f596d68a421/671deff8377fa0efd1803c6a_Fit pod reel 1c-poster-00001.jpg]
[cdn.prod.website-files.com/639f4a68882c7f596d68a421/671df0b086a14f2696f4ae38_Himanshu fitpod videoc-poster-00001.jpg]
[cdn.prod.website-files.com/639f4a68882c7f596d68a421/63a122c38af47133329d1f8e_Icon - influencers.png]
[cdn.prod.website-files.com/639f4a68882c7f596d68a421/63a122c465bf7bd8f793774f_Icon - proeven techniques.png]
[cdn.prod.website-files.com/639f4a68882c7f596d68a421/63a122c462ffe97078735f01_Icon- ai.png]
[cdn.prod.website-files.com/639f4a68882c7f596d68a421/63a122c4d6b2293be44ae61a_Icon - outstanding services.png]
[cdn.prod.website-files.com/639f4a68882c7f596d68a421/63a122c3edec0d0a3021a1e5_Icon - quality.png]
[cdn.prod.website-files.com/639f4a68882c7f596d68a421/63f0f0267a954c61cd80be31_services-icon-youtube-fg.png]
[cdn.prod.website-files.com/639f4a68882c7f596d68a421/63f0f027df7fb70a755b2f57_services-icon-telegram-fg.png]
[cdn.prod.website-files.com/639f4a68882c7f596d68a421/63f0ef0359fff83495a43779_services-icon-instagram-fg.png]
[cdn.prod.website-files.com/639f4a68882c7f596d68a421/63f0ef0489bce96befef11f0_services-icon-meme-fg.png]
[cdn.prod.website-files.com/639f4a68882c7f596d68a421/63f0f026b5f34f758e1aa988_services-icon-celebrity-fg.png]
[cdn.prod.website-files.com/639f4a68882c7f596d68a421/63f0f026700f68001a2c49c4_services-icon-ideation-fg.png]
[cdn.prod.website-files.com/639f4a68882c7f596d68a421/639fdfac406f2f4bb7afd6e4_footer-logo.png]
[www.diveinmedia.in/privacy-policy.html]
[www.diveinmedia.in/cancellations-and-refund.html]
[d3e54v103j8qbb.cloudfront.net/js/jquery-3.5.1.min.dc5e7f18c8cbb9.js]
[cdn.prod.website-files.com/639f4a68882c7f596d68a421/js/webflow.schunk.4a394eb5af8156f2.js]
[cdn.prod.website-files.com/639f4a68882c7f596d68a421/js/webflow.schunk.5d53578d073ac015.js]
[cdn.prod.website-files.com/639f4a68882c7f596d68a421/js/webflow.schunk.49678c376db5b660.js]
[cdn.prod.website-files.com/639f4a68882c7f596d68a421/js/webflow.0621ce35.29afa662c940e7f0.js]
[cdn.jsdelivr.net/npm/@srexi/purecounterjs/dist/purecounter_vanilla.js]
[www.diveinmedia.in/index.html]
[cdn.prod.website-files.com/639f4a68882c7f596d68a421/css/diveinmedia.webflow.46628f70c.min.css]
[www.googletagmanager.com/gtm5445.html]
[crm.zoho.in/crm/javascript/zcga.js]
[cdn.prod.website-files.com/639f4a68882c7f596d68a421/640641eb384a2755dc4d7f75_about-hero-img-3.png]
[cdn.prod.website-files.com/639f4a68882c7f596d68a421/63a615dad6529866c746c4ba_section-2-img-1 (1).png]
[cdn.prod.website-files.com/639f4a68882c7f596d68a421/63a615da6a740d2ba565930c_section-2-img-2 (1).png]
[cdn.prod.website-files.com/639f4a68882c7f596d68a421/63a658a290b0caaf42a77860_Icon.png]
[cdn.prod.website-files.com/639f4a68882c7f596d68a421/63a658a28d62e6479bb69f1d_Icon-4.png]
[cdn.prod.website-files.com/639f4a68882c7f596d68a421/63a658a21f4b56b43fd11b0d_Icon-2.png]
[cdn.prod.website-files.com/639f4a68882c7f596d68a421/63a658a2e473f302c96a8253_Icon-1.png]
[cdn.prod.website-files.com/639f4a68882c7f596d68a421/63a658a2ddf22710ae1c4006_Icon-3.png]
[cdn.prod.website-files.com/639f4a68882c7f596d68a421/63a659d40aa244c78a700fe4_Icon-5.png]
[cdn.prod.website-files.com/639f4a68882c7f596d68a421/63a615d36a740d223c6592e6_section-f-img (1).png]
[www.diveinmedia.in/about-us.html]
[cdn.prod.website-files.com/639f4a68882c7f596d68a421/js/webflow.2d140f38.6c09655272b1631b.js]
[cdn.prod.website-files.com/639f4a68882c7f596d68a421/63a6a8c1f1c7f62b03c84ef1_ene-to-end influencer marketing.png]
[cdn.prod.website-files.com/639f4a68882c7f596d68a421/63a6add3c629471818bc116b_Icon.png]
[cdn.prod.website-files.com/639f4a68882c7f596d68a421/63a6add3a2c0725ba3f96a87_Icon-1.png]
[cdn.prod.website-files.com/639f4a68882c7f596d68a421/63a6add3f1c7f6f414c872da_Icon-2.png]
[cdn.prod.website-files.com/639f4a68882c7f596d68a421/63a6add3c73ddf90a1c092f1_Icon-3.png]
[cdn.prod.website-files.com/639f4a68882c7f596d68a421/63a6add30bd1f4af3b13a502_Icon-4.png]
[cdn.prod.website-files.com/639f4a68882c7f596d68a421/63a13f6a8f7594139f8ee8c3_services-icon-youtube.png]
[cdn.prod.website-files.com/639f4a68882c7f596d68a421/63a13f6a9fcbc20036915cd8_services-icon-instagram.png]
[cdn.prod.website-files.com/639f4a68882c7f596d68a421/63a13f6a65bf7bd4f7953a9c_services-icon-telegram.png]
[cdn.prod.website-files.com/639f4a68882c7f596d68a421/63a140a76913453c480c65ed_services-icon-meme.png]
[cdn.prod.website-files.com/639f4a68882c7f596d68a421/63a13f6a8fe687043af218b7_services-icon-celebrity.png]
[cdn.prod.website-files.com/639f4a68882c7f596d68a421/63a13f6923a6b76f018a99f3_services-icon-ideation.png]
[www.diveinmedia.in/services.html]
[www.diveinmedia.in/blog.html]
[cdn.prod.website-files.com/639f4a68882c7f596d68a421/640641ebb3b37a0e97fbacaa_contact-us-hero-3.png]
[www.diveinmedia.in/contact-as-a-brand.html]
[cdn.prod.website-files.com/639f4a68882c7f596d68a421/63a7088ea56bae3ee06e2a6c_choice-icon-2.png]
[www.diveinmedia.in/contact.html]
[www.diveinmedia.in/contact-as-an-influencer.html]
[www.diveinmedia.in/privacy-policy.html]
[www.diveinmedia.in/cancellations-and-refund.html]
[cdn.prod.website-files.com/639f4a68882c7f596d68a421/js/webflow.schunk.ef7080c06606ca1c.js]
[cdn.prod.website-files.com/639f4a68882c7f596d68a421/js/webflow.70c59d87.60438a1ff89c3817.js]
[www.diveinmedia.in/contact-as-a-brand.html]
[www.diveinmedia.in/contact-as-an-influencer.html]
[cdn.prod.website-files.com/639f4a68882c7f596d68a421/js/webflow.db700e10.660473041149fb90.js]
[www.diveinmedia.in/_https_/cdn.prod.website-files.com/639f4a68882c7f596d68a421/67e03dfd3b1fbd33107320c6_ift-02-o-poster-00001.html]
[www.diveinmedia.in/_https_/cdn.prod.website-files.com/639f4a68882c7f596d68a421/671d23f28181dd03368ae97b_Advithi-poster-00001.html]
[www.diveinmedia.in/_https_/cdn.prod.website-files.com/639f4a68882c7f596d68a421/67e0418c06a4f0bcad83bfef_IMG_2148-o-poster-00001.html]
[www.diveinmedia.in/_https_/cdn.prod.website-files.com/639f4a68882c7f596d68a421/66fbd913864665c6468bfa5d_Jaspreet-poster-00001.html]
[www.diveinmedia.in/_https_/cdn.prod.website-files.com/639f4a68882c7f596d68a421/670352164de697d7158f8c59_WhatsApp Video 2024-08-07 at 102900-poster-00001.html]
[www.diveinmedia.in/_https_/cdn.prod.website-files.com/639f4a68882c7f596d68a421/66fbd06016fab140fb5adf64_Shreemayi Reddy-poster-00001.html]
[www.diveinmedia.in/_https_/cdn.prod.website-files.com/639f4a68882c7f596d68a421/671deeb944e0637ed1d56ad2_AVIS HOSPITAL 4K DRAFT 2ND VIDEO-poster-00001.html]
[www.diveinmedia.in/_https_/cdn.prod.website-files.com/639f4a68882c7f596d68a421/671deff8377fa0efd1803c6a_Fit pod reel 1c-poster-00001.html]
[www.diveinmedia.in/_https_/cdn.prod.website-files.com/639f4a68882c7f596d68a421/671df0b086a14f2696f4ae38_Himanshu fitpod videoc-poster-00001.html]
[www.diveinmedia.in/hello.net.html]
[www.diveinmedia.in/hotmail.com.html]
[www.diveinmedia.in/hotmail.com-2.html]
[www.diveinmedia.in/op.html]
[www.diveinmedia.in/opoczta.html]
[www.diveinmedia.in/optusnet.com.html]
[www.diveinmedia.in/outlook.com.html]
[www.diveinmedia.in/outlook.com-2.html]
[www.diveinmedia.in/wp.html]
[www.diveinmedia.in/yahoo.com.html]
[www.diveinmedia.in/yahoo.com-2.html]
[www.diveinmedia.in/yahoo.html]
[www.diveinmedia.in/yandex.html]
[www.diveinmedia.in/yourlifesucks.cu.html]
